Removed Pin From Net: NetName=+5 Pin=C3-1
Removed Pin From Net: NetName=GND Pin=C3-2
Removed Pin From Net: NetName=+12 Pin=C4-1
Removed Pin From Net: NetName=GND Pin=C4-2
Removed Pin From Net: NetName=+3v3 Pin=C5-1
Removed Pin From Net: NetName=GND Pin=C5-2
Removed Pin From Net: NetName=+12 Pin=C6-1
Removed Pin From Net: NetName=GND Pin=C6-2
Removed Pin From Net: NetName=GND Pin=IC1-1
Removed Pin From Net: NetName=+5 Pin=IC1-2
Removed Pin From Net: NetName=+12 Pin=IC1-3
Removed Pin From Net: NetName=+5 Pin=IC1-4
Removed Pin From Net: NetName=GND Pin=IC2-1
Removed Pin From Net: NetName=+3v3 Pin=IC2-2
Removed Pin From Net: NetName=+12 Pin=IC2-3
Removed Pin From Net: NetName=+3v3 Pin=IC2-4
Removed Member From Class: ClassName=Current_Amplifier_Shematics Member=C3
Removed Member From Class: ClassName=Current_Amplifier_Shematics Member=C4
Removed Member From Class: ClassName=Current_Amplifier_Shematics Member=C5
Removed Member From Class: ClassName=Current_Amplifier_Shematics Member=C6
Removed Member From Class: ClassName=Current_Amplifier_Shematics Member=IC1
Removed Member From Class: ClassName=Current_Amplifier_Shematics Member=IC2
Added Component: Designator=J?(JST_B3B-XH-A(LF)(SN))
Add component (AddParameter): Name = "Check_prices"; Value = "https://www.snapeda.com/parts/B3B-XH-A(LF)(SN)/JST+Sales+America+Inc./view-part/?ref=eda"; VariantName = "[No Variations]"
Add component (AddParameter): Name = "MF"; Value = "JST Sales"; VariantName = "[No Variations]"
Add component (AddParameter): Name = "MP"; Value = "B3B-XH-A(LF)(SN)"; VariantName = "[No Variations]"
Add component (AddParameter): Name = "Package"; Value = "None"; VariantName = "[No Variations]"
Add component (AddParameter): Name = "SnapEDA_Link"; Value = "https://www.snapeda.com/parts/B3B-XH-A(LF)(SN)/JST+Sales+America+Inc./view-part/?ref=snap"; VariantName = "[No Variations]"
Add component (AddParameter): Name = "Value"; Value = ""; VariantName = "[No Variations]"
Added Pin To Net: NetName=GND Pin=J?-1
Added Pin To Net: NetName=+3v3 Pin=J?-2
Added Pin To Net: NetName=+5 Pin=J?-3
Added Member To Class: ClassName=Current_Amplifier_Shematics Member=Component J? B3B-XH-A(LF)(SN)
